<?xml version="1.0" encoding="UTF-8"?>
<testsuites name="Mocha Tests" time="0.4030" tests="14" failures="0">
  <testsuite name="Root Suite" timestamp="2021-12-03T13:30:08" tests="0" time="0.0000" failures="0">
  </testsuite>
  <testsuite name="User register" timestamp="2021-12-03T13:30:08" tests="1" file="C:\Users\roose\thetiptop\server\test\functional-test.js" time="0.2370" failures="0">
    <testcase name="User register should return status OK (201)" time="0.2350" classname="should return status OK (201)">
    </testcase>
  </testsuite>
  <testsuite name="Email validation" timestamp="2021-12-03T13:30:08" tests="1" file="C:\Users\roose\thetiptop\server\test\functional-test.js" time="0.1450" failures="0">
    <testcase name="Email validation should return status OK (200)" time="0.1440" classname="should return status OK (200)">
    </testcase>
  </testsuite>
  <testsuite name="User LOGIN" timestamp="2021-12-03T13:30:08" tests="1" file="C:\Users\roose\thetiptop\server\test\functional-test.js" time="0.0120" failures="0">
    <testcase name="User LOGIN should return status OK (200)" time="0.0110" classname="should return status OK (200)">
    </testcase>
  </testsuite>
  <testsuite name="Should check form validate" timestamp="2021-12-03T13:30:09" tests="8" file="C:\Users\roose\thetiptop\server\test\testing.js" time="0.0050" failures="0">
    <testcase name="Should check form validate Register form should return 201" time="0.0030" classname="Register form should return 201">
    </testcase>
    <testcase name="Should check form validate should be return 400 lastName is not valid" time="0.0000" classname="should be return 400 lastName is not valid">
    </testcase>
    <testcase name="Should check form validate should be return 400 firstName is not valid" time="0.0000" classname="should be return 400 firstName is not valid">
    </testcase>
    <testcase name="Should check form validate should be return 400 email is not valid" time="0.0000" classname="should be return 400 email is not valid">
    </testcase>
    <testcase name="Should check form validate should be: password invalid (Min 1 special character - Min 1 number. - Min 8 characters or More)" time="0.0000" classname="should be: password invalid (Min 1 special character - Min 1 number. - Min 8 characters or More)">
    </testcase>
    <testcase name="Should check form validate should be return 400 Address is not valid" time="0.0000" classname="should be return 400 Address is not valid">
    </testcase>
    <testcase name="Should check form validate should be return 400 ZipCode is not valid" time="0.0000" classname="should be return 400 ZipCode is not valid">
    </testcase>
    <testcase name="Should check form validate should be return 400 City is not valid" time="0.0000" classname="should be return 400 City is not valid">
    </testcase>
  </testsuite>
  <testsuite name="Login form should return 200" timestamp="2021-12-03T13:30:09" tests="3" file="C:\Users\roose\thetiptop\server\test\testing.js" time="0.0000" failures="0">
    <testcase name="Login form should return 200 should be a email and validate true" time="0.0000" classname="should be a email and validate true">
    </testcase>
    <testcase name="Login form should return 200 should be return 400 email is not valid" time="0.0000" classname="should be return 400 email is not valid">
    </testcase>
    <testcase name="Login form should return 200 should be: password invalid (Min 1 special character - Min 1 number. - Min 8 characters or More)" time="0.0000" classname="should be: password invalid (Min 1 special character - Min 1 number. - Min 8 characters or More)">
    </testcase>
  </testsuite>
</testsuites>